2021-04-23 16:57:06.943200: W tensorflow/stream_executor/platform/default/dso_loader.cc:55] Could not load dynamic library 'libnvinfer.so.6'; dlerror: libnvinfer.so.6: cannot open shared object file: No such file or directory
2021-04-23 16:57:06.943341: W tensorflow/stream_executor/platform/default/dso_loader.cc:55] Could not load dynamic library 'libnvinfer_plugin.so.6'; dlerror: libnvinfer_plugin.so.6: cannot open shared object file: No such file or directory
2021-04-23 16:57:06.943355: W tensorflow/compiler/tf2tensorrt/utils/py_utils.cc:30] Cannot dlopen some TensorRT libraries. If you would like to use Nvidia GPU with TensorRT, please make sure the missing libraries mentioned above are installed properly.
2021-04-23 16:57:24.468924: W tensorflow/stream_executor/platform/default/dso_loader.cc:55] Could not load dynamic library 'libcuda.so.1'; dlerror: libcuda.so.1: cannot open shared object file: No such file or directory
2021-04-23 16:57:24.468977: E tensorflow/stream_executor/cuda/cuda_driver.cc:351] failed call to cuInit: UNKNOWN ERROR (303)
2021-04-23 16:57:24.469008: I tensorflow/stream_executor/cuda/cuda_diagnostics.cc:156] kernel driver does not appear to be running on this host (hpc-c02-node05.unitn.it): /proc/driver/nvidia/version does not exist
2021-04-23 16:57:24.469260: I tensorflow/core/platform/cpu_feature_guard.cc:142] Your CPU supports instructions that this TensorFlow binary was not compiled to use: AVX2 FMA
2021-04-23 16:57:24.477525: I tensorflow/core/platform/profile_utils/cpu_utils.cc:94] CPU Frequency: 2399885000 Hz
2021-04-23 16:57:24.478765: I tensorflow/compiler/xla/service/service.cc:168] XLA service 0x55e69cddad60 initialized for platform Host (this does not guarantee that XLA will be used). Devices:
2021-04-23 16:57:24.478797: I tensorflow/compiler/xla/service/service.cc:176]   StreamExecutor device (0): Host, Default Version
2.1.0
genotype [20, 28, 28]
Initializing network...
val_loss_min:  0.1302
val_acc_max:  0.9601
genotype [23, 11, 14]
Initializing network...
val_loss_min:  0.1646
val_acc_max:  0.9497
genotype [25, 32, 26]
Initializing network...
val_loss_min:  0.1324
val_acc_max:  0.9595
genotype [2, 36, 8]
Initializing network...
val_loss_min:  0.1215
val_acc_max:  0.9647
genotype [8, 27, 12]
Initializing network...
val_loss_min:  0.1504
val_acc_max:  0.9595
genotype [5, 17, 14]
Initializing network...
val_loss_min:  0.1463
val_acc_max:  0.9546
genotype [9, 6, 30]
Initializing network...
val_loss_min:  0.2274
val_acc_max:  0.9348
genotype [12, 4, 2]
Initializing network...
val_loss_min:  0.4424
val_acc_max:  0.8787
genotype [29, 31, 16]
Initializing network...
val_loss_min:  0.1388
val_acc_max:  0.9619
genotype [25, 26, 10]
Initializing network...
val_loss_min:  0.1231
val_acc_max:  0.9616
genotype [27, 10, 15]
Initializing network...
val_loss_min:  0.1669
val_acc_max:  0.9455
genotype [16, 41, 38]
Initializing network...
val_loss_min:  0.1397
val_acc_max:  0.9592
genotype [5, 10, 18]
Initializing network...
val_loss_min:  0.1599
val_acc_max:  0.9473
genotype [10, 14, 1]
Initializing network...
val_loss_min:  0.3093
val_acc_max:  0.9311
genotype [28, 20, 26]
Initializing network...
val_loss_min:  0.1357
val_acc_max:  0.9604
genotype [4, 27, 16]
Initializing network...
val_loss_min:  0.1408
val_acc_max:  0.9592
genotype [30, 48, 19]
Initializing network...
val_loss_min:  0.1427
val_acc_max:  0.9607
genotype [15, 19, 18]
Initializing network...
val_loss_min:  0.1371
val_acc_max:  0.9595
genotype [8, 43, 49]
Initializing network...
val_loss_min:  0.1466
val_acc_max:  0.9583
genotype [4, 4, 46]
Initializing network...
val_loss_min:  0.2766
val_acc_max:  0.9269
genotype [8, 20, 2]
Initializing network...
val_loss_min:  0.1535
val_acc_max:  0.958
genotype [14, 13, 9]
Initializing network...
val_loss_min:  0.1535
val_acc_max:  0.9528
genotype [2, 24, 15]
Initializing network...
val_loss_min:  0.1408
val_acc_max:  0.9607
genotype [13, 37, 38]
Initializing network...
val_loss_min:  0.1324
val_acc_max:  0.9613
genotype [29, 22, 49]
Initializing network...
val_loss_min:  0.1298
val_acc_max:  0.9622
genotype [29, 24, 41]
Initializing network...
val_loss_min:  0.1392
val_acc_max:  0.9586
genotype [17, 32, 3]
Initializing network...
val_loss_min:  0.1347
val_acc_max:  0.9589
genotype [11, 34, 16]
Initializing network...
val_loss_min:  0.1332
val_acc_max:  0.961
genotype [19, 37, 6]
Initializing network...
val_loss_min:  0.1205
val_acc_max:  0.9686
genotype [11, 6, 20]
Initializing network...
val_loss_min:  0.212
val_acc_max:  0.9412
gen	nevals	avg     	std      	min   	max   
0  	30    	0.166067	0.0670629	0.1205	0.4424
genotype [20, 37, 6]
Initializing network...
val_loss_min:  0.1327
val_acc_max:  0.9647
genotype [25, 26, 49]
Initializing network...
val_loss_min:  0.1411
val_acc_max:  0.9595
genotype [29, 22, 10]
Initializing network...
val_loss_min:  0.1326
val_acc_max:  0.9628
genotype [20, 28, 26]
Initializing network...
val_loss_min:  0.1275
val_acc_max:  0.9619
genotype [25, 32, 35]
Initializing network...
val_loss_min:  0.1313
val_acc_max:  0.9628
genotype [17, 20, 23]
Initializing network...
val_loss_min:  0.1391
val_acc_max:  0.9589
genotype [28, 32, 3]
Initializing network...
val_loss_min:  0.1402
val_acc_max:  0.9595
genotype [15, 19, 16]
Initializing network...
val_loss_min:  0.1527
val_acc_max:  0.9592
genotype [29, 31, 18]
Initializing network...
val_loss_min:  0.1343
val_acc_max:  0.9586
genotype [29, 41, 38]
Initializing network...
val_loss_min:  0.1394
val_acc_max:  0.9628
genotype [16, 24, 41]
Initializing network...
val_loss_min:  0.1446
val_acc_max:  0.9576
genotype [4, 27, 15]
Initializing network...
val_loss_min:  0.143
val_acc_max:  0.9604
genotype [2, 24, 16]
Initializing network...
val_loss_min:  0.1356
val_acc_max:  0.9589
genotype [23, 48, 19]
Initializing network...
val_loss_min:  0.1333
val_acc_max:  0.9616
genotype [6, 47, 35]
Initializing network...
val_loss_min:  0.1315
val_acc_max:  0.9616
genotype [8, 13, 48]
Initializing network...
val_loss_min:  0.1472
val_acc_max:  0.9549
genotype [30, 20, 34]
Initializing network...
val_loss_min:  0.148
val_acc_max:  0.9552
genotype [27, 6, 20]
Initializing network...
val_loss_min:  0.2049
val_acc_max:  0.9394
genotype [11, 10, 15]
Initializing network...
val_loss_min:  0.1553
val_acc_max:  0.9506
genotype [30, 39, 46]
Initializing network...
val_loss_min:  0.1355
val_acc_max:  0.9619
genotype [10, 4, 2]
Initializing network...
val_loss_min:  0.427
val_acc_max:  0.8879
genotype [12, 14, 1]
Initializing network...
val_loss_min:  0.241
val_acc_max:  0.9354
population saved
population [[20, 28, 28], [2, 36, 8], [25, 32, 26], [2, 36, 8], [20, 28, 26], [25, 32, 35], [13, 37, 38], [11, 34, 16], [29, 31, 16], [25, 26, 10], [15, 19, 16], [29, 31, 18], [29, 41, 38], [16, 24, 41], [28, 20, 26], [2, 24, 16], [23, 48, 19], [15, 19, 18], [8, 43, 49], [6, 47, 35], [8, 13, 48], [30, 20, 34], [2, 24, 15], [13, 37, 38], [29, 22, 49], [29, 24, 41], [17, 32, 3], [11, 34, 16], [19, 37, 6], [11, 6, 20]]
[0.1302, 0.1215, 0.1324, 0.1215, 0.1275, 0.1313, 0.1324, 0.1332, 0.1388, 0.1231, 0.1527, 0.1343, 0.1394, 0.1446, 0.1357, 0.1356, 0.1333, 0.1371, 0.1466, 0.1315, 0.1472, 0.148, 0.1408, 0.1324, 0.1298, 0.1392, 0.1347, 0.1332, 0.1205, 0.212]
min: 0.1205, max:0.212, avg:0.13735
1  	22    	0.13735 	0.0159064	0.1205	0.212 
genotype [18, 1, 8]
Initializing network...
val_loss_min:  1.2971
val_acc_max:  0.5646
genotype [2, 36, 10]
Initializing network...
val_loss_min:  0.1252
val_acc_max:  0.9613
genotype [25, 26, 8]
Initializing network...
val_loss_min:  0.1368
val_acc_max:  0.9595
genotype [30, 23, 49]
Initializing network...
val_loss_min:  0.1433
val_acc_max:  0.9589
genotype [29, 28, 26]
Initializing network...
val_loss_min:  0.1424
val_acc_max:  0.9589
genotype [30, 32, 35]
Initializing network...
val_loss_min:  0.1295
val_acc_max:  0.9598
genotype [25, 32, 28]
Initializing network...
val_loss_min:  0.132
val_acc_max:  0.9616
genotype [6, 47, 31]
Initializing network...
val_loss_min:  0.1334
val_acc_max:  0.9622
genotype [13, 40, 37]
Initializing network...
val_loss_min:  0.1461
val_acc_max:  0.9576
genotype [7, 26, 18]
Initializing network...
val_loss_min:  0.1264
val_acc_max:  0.9668
genotype [29, 31, 19]
Initializing network...
val_loss_min:  0.1338
val_acc_max:  0.958
genotype [17, 32, 14]
Initializing network...
val_loss_min:  0.1381
val_acc_max:  0.9567
genotype [2, 24, 41]
Initializing network...
val_loss_min:  0.1404
val_acc_max:  0.9564
genotype [28, 20, 18]
Initializing network...
val_loss_min:  0.1376
val_acc_max:  0.9592
genotype [15, 19, 26]
Initializing network...
val_loss_min:  0.1333
val_acc_max:  0.9583
genotype [24, 24, 41]
Initializing network...
val_loss_min:  0.1493
val_acc_max:  0.9543
genotype [16, 24, 49]
Initializing network...
val_loss_min:  0.137
val_acc_max:  0.9589
genotype [8, 43, 41]
Initializing network...
val_loss_min:  0.1329
val_acc_max:  0.9616
genotype [15, 20, 34]
Initializing network...
val_loss_min:  0.1349
val_acc_max:  0.9598
genotype [30, 13, 48]
Initializing network...
val_loss_min:  0.1428
val_acc_max:  0.9583
genotype [9, 31, 4]
Initializing network...
val_loss_min:  0.1328
val_acc_max:  0.9631
population saved
population [[19, 37, 6], [2, 36, 8], [2, 36, 10], [2, 36, 8], [20, 28, 26], [25, 32, 35], [30, 32, 35], [25, 32, 28], [6, 47, 31], [25, 26, 10], [13, 40, 37], [13, 37, 38], [11, 34, 16], [11, 34, 16], [7, 26, 18], [29, 31, 19], [23, 48, 19], [15, 19, 18], [28, 20, 18], [6, 47, 35], [29, 31, 16], [30, 20, 34], [29, 41, 38], [13, 37, 38], [29, 22, 49], [8, 43, 41], [17, 32, 3], [11, 34, 16], [19, 37, 6], [11, 6, 20]]
[0.1205, 0.1215, 0.1252, 0.1215, 0.1275, 0.1313, 0.1295, 0.132, 0.1334, 0.1231, 0.1461, 0.1324, 0.1332, 0.1332, 0.1264, 0.1338, 0.1333, 0.1371, 0.1376, 0.1315, 0.1388, 0.148, 0.1394, 0.1324, 0.1298, 0.1329, 0.1347, 0.1332, 0.1205, 0.212]
min: 0.1205, max:0.212, avg:0.1343933333333333
2  	21    	0.134393	0.0158481	0.1205	0.212 
genotype [15, 37, 25]
Initializing network...
val_loss_min:  0.1479
val_acc_max:  0.9607
genotype [25, 36, 10]
Initializing network...
val_loss_min:  0.1325
val_acc_max:  0.9631
genotype [2, 26, 10]
Initializing network...
val_loss_min:  0.1296
val_acc_max:  0.964
genotype [24, 28, 39]
Initializing network...
val_loss_min:  0.138
val_acc_max:  0.9604
genotype [30, 32, 49]
Initializing network...
val_loss_min:  0.1273
val_acc_max:  0.9619
genotype [29, 22, 47]
Initializing network...
val_loss_min:  0.145
val_acc_max:  0.9589
genotype [29, 32, 50]
Initializing network...
val_loss_min:  0.1347
val_acc_max:  0.9598
genotype [11, 26, 16]
Initializing network...
val_loss_min:  0.1274
val_acc_max:  0.9616
genotype [11, 48, 19]
Initializing network...
val_loss_min:  0.1285
val_acc_max:  0.9604
genotype [23, 33, 16]
Initializing network...
val_loss_min:  0.1367
val_acc_max:  0.9592
genotype [6, 10, 19]
Initializing network...
val_loss_min:  0.1656
val_acc_max:  0.9519
genotype [11, 31, 31]
Initializing network...
val_loss_min:  0.1355
val_acc_max:  0.9567
genotype [17, 19, 18]
Initializing network...
val_loss_min:  0.1389
val_acc_max:  0.9586
genotype [15, 32, 3]
Initializing network...
val_loss_min:  0.1255
val_acc_max:  0.9601
genotype [13, 14, 48]
Initializing network...
val_loss_min:  0.1392
val_acc_max:  0.9573
genotype [30, 6, 20]
Initializing network...
val_loss_min:  0.2239
val_acc_max:  0.9348
genotype [29, 20, 42]
Initializing network...
val_loss_min:  0.132
val_acc_max:  0.9631
population saved
population [[19, 37, 6], [19, 37, 6], [2, 36, 8], [2, 36, 8], [20, 28, 26], [2, 26, 10], [7, 26, 18], [25, 32, 28], [30, 32, 49], [25, 26, 10], [29, 32, 50], [6, 47, 35], [25, 32, 28], [13, 37, 38], [7, 26, 18], [8, 43, 41], [11, 26, 16], [11, 34, 16], [11, 48, 19], [6, 47, 35], [29, 31, 16], [11, 31, 31], [17, 19, 18], [15, 32, 3], [29, 22, 49], [8, 43, 41], [17, 32, 3], [11, 34, 16], [19, 37, 6], [29, 20, 42]]
[0.1205, 0.1205, 0.1215, 0.1215, 0.1275, 0.1296, 0.1264, 0.132, 0.1273, 0.1231, 0.1347, 0.1315, 0.132, 0.1324, 0.1264, 0.1329, 0.1274, 0.1332, 0.1285, 0.1315, 0.1388, 0.1355, 0.1389, 0.1255, 0.1298, 0.1329, 0.1347, 0.1332, 0.1205, 0.132]
min: 0.1205, max:0.1389, avg:0.12940666666666664
3  	17    	0.129407	0.00520211	0.1205	0.1389
genotype [30, 40, 6]
Initializing network...
val_loss_min:  0.1311
val_acc_max:  0.9625
genotype [13, 36, 8]
Initializing network...
val_loss_min:  0.1242
val_acc_max:  0.9637
genotype [7, 37, 6]
Initializing network...
val_loss_min:  0.1171
val_acc_max:  0.9656
genotype [2, 36, 14]
Initializing network...
val_loss_min:  0.1338
val_acc_max:  0.9616
genotype [11, 26, 10]
Initializing network...
val_loss_min:  0.1285
val_acc_max:  0.9601
genotype [30, 49, 18]
Initializing network...
val_loss_min:  0.1345
val_acc_max:  0.9622
genotype [7, 26, 3]
Initializing network...
val_loss_min:  0.1426
val_acc_max:  0.9558
genotype [7, 26, 46]
Initializing network...
val_loss_min:  0.142
val_acc_max:  0.9616
genotype [30, 32, 18]
Initializing network...
val_loss_min:  0.1337
val_acc_max:  0.9586
genotype [11, 24, 46]
Initializing network...
val_loss_min:  0.1312
val_acc_max:  0.9589
genotype [20, 28, 15]
Initializing network...
val_loss_min:  0.1473
val_acc_max:  0.958
genotype [29, 27, 49]
Initializing network...
val_loss_min:  0.1414
val_acc_max:  0.9637
genotype [6, 47, 28]
Initializing network...
val_loss_min:  0.128
val_acc_max:  0.9619
genotype [30, 20, 42]
Initializing network...
val_loss_min:  0.1474
val_acc_max:  0.958
genotype [17, 19, 16]
Initializing network...
val_loss_min:  0.1387
val_acc_max:  0.9595
population saved
population [[19, 37, 6], [19, 37, 6], [2, 36, 8], [7, 37, 6], [20, 28, 26], [11, 26, 10], [7, 26, 18], [25, 32, 28], [30, 32, 49], [25, 26, 10], [11, 24, 46], [6, 47, 35], [11, 48, 19], [2, 26, 10], [7, 26, 18], [6, 47, 35], [11, 26, 16], [25, 32, 35], [11, 48, 19], [6, 47, 35], [13, 37, 38], [8, 43, 41], [8, 43, 41], [15, 32, 3], [29, 22, 49], [8, 43, 41], [17, 32, 3], [11, 34, 16], [19, 37, 6], [29, 20, 42]]
[0.1205, 0.1205, 0.1215, 0.1171, 0.1275, 0.1285, 0.1264, 0.132, 0.1273, 0.1231, 0.1312, 0.1315, 0.1285, 0.1296, 0.1264, 0.1315, 0.1274, 0.1313, 0.1285, 0.1315, 0.1324, 0.1329, 0.1329, 0.1255, 0.1298, 0.1329, 0.1347, 0.1332, 0.1205, 0.132]
min: 0.1171, max:0.1347, avg:0.12828666666666666
4  	15    	0.128287	0.00455915	0.1171	0.1347
genotype [29, 37, 4]
Initializing network...
val_loss_min:  0.1443
val_acc_max:  0.9613
genotype [19, 37, 42]
Initializing network...
val_loss_min:  0.1297
val_acc_max:  0.9616
genotype [25, 46, 10]
Initializing network...
val_loss_min:  0.139
val_acc_max:  0.9616
genotype [15, 26, 18]
Initializing network...
val_loss_min:  0.1292
val_acc_max:  0.9592
genotype [7, 32, 3]
Initializing network...
val_loss_min:  0.1238
val_acc_max:  0.9622
genotype [7, 26, 49]
Initializing network...
val_loss_min:  0.1397
val_acc_max:  0.9576
genotype [30, 32, 13]
Initializing network...
val_loss_min:  0.1238
val_acc_max:  0.9595
genotype [11, 37, 19]
Initializing network...
val_loss_min:  0.1243
val_acc_max:  0.9625
genotype [29, 22, 46]
Initializing network...
val_loss_min:  0.1469
val_acc_max:  0.9589
genotype [11, 24, 49]
Initializing network...
val_loss_min:  0.1264
val_acc_max:  0.9653
genotype [25, 31, 15]
Initializing network...
val_loss_min:  0.1307
val_acc_max:  0.9644
genotype [4, 47, 35]
Initializing network...
val_loss_min:  0.1302
val_acc_max:  0.9619
genotype [30, 47, 35]
Initializing network...
val_loss_min:  0.1354
val_acc_max:  0.9607
genotype [26, 47, 35]
Initializing network...
val_loss_min:  0.1309
val_acc_max:  0.9595
genotype [25, 32, 42]
Initializing network...
val_loss_min:  0.127
val_acc_max:  0.961
genotype [29, 20, 28]
Initializing network...
val_loss_min:  0.1338
val_acc_max:  0.9586
genotype [13, 9, 32]
Initializing network...
val_loss_min:  0.1773
val_acc_max:  0.9494
genotype [8, 13, 41]
Initializing network...
val_loss_min:  0.1579
val_acc_max:  0.9531
genotype [11, 34, 3]
Initializing network...
val_loss_min:  0.1278
val_acc_max:  0.9598
genotype [17, 32, 16]
Initializing network...
val_loss_min:  0.1358
val_acc_max:  0.9613
population saved
population [[7, 37, 6], [19, 37, 6], [19, 37, 6], [7, 37, 6], [2, 36, 8], [11, 26, 10], [7, 26, 18], [7, 32, 3], [30, 32, 49], [25, 26, 10], [11, 26, 16], [20, 28, 26], [11, 48, 19], [11, 48, 19], [11, 37, 19], [2, 26, 10], [11, 26, 16], [11, 24, 49], [11, 48, 19], [4, 47, 35], [13, 37, 38], [26, 47, 35], [25, 32, 42], [15, 32, 3], [29, 22, 49], [8, 43, 41], [8, 43, 41], [11, 34, 16], [19, 37, 6], [29, 20, 42]]
[0.1171, 0.1205, 0.1205, 0.1171, 0.1215, 0.1285, 0.1264, 0.1238, 0.1273, 0.1231, 0.1274, 0.1275, 0.1285, 0.1285, 0.1243, 0.1296, 0.1274, 0.1264, 0.1285, 0.1302, 0.1324, 0.1309, 0.127, 0.1255, 0.1298, 0.1329, 0.1329, 0.1332, 0.1205, 0.132]
min: 0.1171, max:0.1332, avg:0.12670666666666666
5  	20    	0.126707	0.00446497	0.1171	0.1332
genotype [7, 10, 44]
Initializing network...
val_loss_min:  0.1578
val_acc_max:  0.9558
genotype [7, 11, 6]
Initializing network...
val_loss_min:  0.1637
val_acc_max:  0.9506
genotype [19, 17, 50]
Initializing network...
val_loss_min:  0.1418
val_acc_max:  0.9564
genotype [11, 37, 3]
Initializing network...
val_loss_min:  0.1466
val_acc_max:  0.9552
genotype [15, 32, 19]
Initializing network...
val_loss_min:  0.1213
val_acc_max:  0.964
genotype [7, 24, 49]
Initializing network...
val_loss_min:  0.1415
val_acc_max:  0.9583
genotype [11, 26, 18]
Initializing network...
val_loss_min:  0.1472
val_acc_max:  0.9573
genotype [11, 35, 49]
Initializing network...
val_loss_min:  0.142
val_acc_max:  0.9567
genotype [30, 32, 42]
Initializing network...
val_loss_min:  0.1416
val_acc_max:  0.9589
genotype [16, 26, 16]
Initializing network...
val_loss_min:  0.1309
val_acc_max:  0.9601
genotype [24, 28, 10]
Initializing network...
val_loss_min:  0.1395
val_acc_max:  0.9595
genotype [11, 26, 26]
Initializing network...
val_loss_min:  0.1424
val_acc_max:  0.9613
genotype [20, 48, 19]
Initializing network...
val_loss_min:  0.1272
val_acc_max:  0.9647
genotype [29, 44, 35]
Initializing network...
val_loss_min:  0.1367
val_acc_max:  0.9616
genotype [4, 47, 49]
Initializing network...
val_loss_min:  0.1264
val_acc_max:  0.9628
genotype [29, 34, 42]
Initializing network...
val_loss_min:  0.1403
val_acc_max:  0.961
genotype [25, 43, 16]
Initializing network...
val_loss_min:  0.1377
val_acc_max:  0.9598
genotype [11, 34, 42]
Initializing network...
val_loss_min:  0.1298
val_acc_max:  0.9625
population saved
population [[7, 37, 6], [19, 37, 6], [19, 37, 6], [7, 37, 6], [19, 37, 6], [11, 26, 10], [25, 26, 10], [7, 32, 3], [30, 32, 49], [15, 32, 19], [11, 26, 16], [20, 28, 26], [11, 48, 19], [11, 48, 19], [11, 37, 19], [11, 26, 16], [11, 26, 16], [11, 24, 49], [11, 48, 19], [11, 48, 19], [20, 48, 19], [2, 26, 10], [25, 32, 42], [15, 32, 3], [29, 22, 49], [8, 43, 41], [13, 37, 38], [8, 43, 41], [19, 37, 6], [11, 34, 42]]
[0.1171, 0.1205, 0.1205, 0.1171, 0.1205, 0.1285, 0.1231, 0.1238, 0.1273, 0.1213, 0.1274, 0.1275, 0.1285, 0.1285, 0.1243, 0.1274, 0.1274, 0.1264, 0.1285, 0.1285, 0.1272, 0.1296, 0.127, 0.1255, 0.1298, 0.1329, 0.1324, 0.1329, 0.1205, 0.1298]
min: 0.1171, max:0.1329, avg:0.12605666666666662
6  	18    	0.126057	0.00424065	0.1171	0.1329
genotype [7, 9, 6]
Initializing network...
val_loss_min:  0.1901
val_acc_max:  0.9394
genotype [22, 37, 6]
Initializing network...
val_loss_min:  0.1233
val_acc_max:  0.9628
genotype [19, 25, 6]
Initializing network...
val_loss_min:  0.1253
val_acc_max:  0.9622
genotype [15, 49, 49]
Initializing network...
val_loss_min:  0.1324
val_acc_max:  0.9622
genotype [11, 40, 47]
Initializing network...
val_loss_min:  0.1365
val_acc_max:  0.9586
genotype [25, 15, 29]
Initializing network...
val_loss_min:  0.1494
val_acc_max:  0.9537
genotype [20, 32, 42]
Initializing network...
val_loss_min:  0.1391
val_acc_max:  0.9576
genotype [20, 28, 10]
Initializing network...
val_loss_min:  0.1388
val_acc_max:  0.9586
genotype [11, 48, 43]
Initializing network...
val_loss_min:  0.1236
val_acc_max:  0.9644
genotype [11, 48, 3]
Initializing network...
val_loss_min:  0.1352
val_acc_max:  0.9613
genotype [15, 34, 45]
Initializing network...
val_loss_min:  0.1507
val_acc_max:  0.9555
genotype [13, 41, 38]
Initializing network...
val_loss_min:  0.1321
val_acc_max:  0.958
population saved
population [[7, 37, 6], [19, 37, 6], [19, 37, 6], [7, 37, 6], [19, 37, 6], [19, 37, 6], [15, 32, 19], [25, 26, 10], [7, 32, 3], [15, 32, 19], [11, 26, 16], [20, 28, 26], [11, 48, 19], [11, 48, 19], [11, 37, 19], [11, 26, 16], [11, 26, 16], [11, 24, 49], [11, 48, 19], [11, 48, 19], [20, 48, 19], [11, 48, 43], [25, 32, 42], [15, 32, 3], [2, 26, 10], [29, 22, 49], [13, 37, 38], [13, 41, 38], [19, 37, 6], [11, 34, 42]]
[0.1171, 0.1205, 0.1205, 0.1171, 0.1205, 0.1205, 0.1213, 0.1231, 0.1238, 0.1213, 0.1274, 0.1275, 0.1285, 0.1285, 0.1243, 0.1274, 0.1274, 0.1264, 0.1285, 0.1285, 0.1272, 0.1236, 0.127, 0.1255, 0.1296, 0.1298, 0.1324, 0.1321, 0.1205, 0.1298]
min: 0.1171, max:0.1324, avg:0.12525333333333333
7  	12    	0.125253	0.00414333	0.1171	0.1324
genotype [7, 10, 6]
Initializing network...
val_loss_min:  0.1745
val_acc_max:  0.9442
genotype [19, 8, 33]
Initializing network...
val_loss_min:  0.1777
val_acc_max:  0.9467
genotype [19, 32, 19]
Initializing network...
val_loss_min:  0.1307
val_acc_max:  0.9637
genotype [15, 37, 6]
Initializing network...
val_loss_min:  0.1189
val_acc_max:  0.9665
genotype [15, 26, 10]
Initializing network...
val_loss_min:  0.1498
val_acc_max:  0.9576
genotype [25, 32, 27]
Initializing network...
val_loss_min:  0.1375
val_acc_max:  0.9598
genotype [7, 48, 3]
Initializing network...
val_loss_min:  0.1311
val_acc_max:  0.9625
genotype [20, 26, 37]
Initializing network...
val_loss_min:  0.1492
val_acc_max:  0.9549
genotype [11, 48, 37]
Initializing network...
val_loss_min:  0.1326
val_acc_max:  0.9644
genotype [2, 11, 46]
Initializing network...
val_loss_min:  0.1636
val_acc_max:  0.9528
population saved
population [[7, 37, 6], [7, 37, 6], [19, 37, 6], [7, 37, 6], [19, 37, 6], [19, 37, 6], [15, 32, 19], [15, 37, 6], [7, 32, 3], [15, 32, 19], [11, 48, 43], [20, 28, 26], [11, 37, 19], [15, 32, 3], [11, 37, 19], [25, 32, 42], [11, 26, 16], [11, 24, 49], [11, 26, 16], [11, 26, 16], [20, 48, 19], [11, 48, 43], [25, 32, 42], [15, 32, 3], [11, 48, 19], [29, 22, 49], [29, 22, 49], [11, 34, 42], [19, 37, 6], [11, 34, 42]]
[0.1171, 0.1171, 0.1205, 0.1171, 0.1205, 0.1205, 0.1213, 0.1189, 0.1238, 0.1213, 0.1236, 0.1275, 0.1243, 0.1255, 0.1243, 0.127, 0.1274, 0.1264, 0.1274, 0.1274, 0.1272, 0.1236, 0.127, 0.1255, 0.1285, 0.1298, 0.1298, 0.1298, 0.1205, 0.1298]
min: 0.1171, max:0.1298, avg:0.12434666666666666
8  	10    	0.124347	0.00395641	0.1171	0.1298
genotype [30, 37, 6]
Initializing network...
val_loss_min:  0.1273
val_acc_max:  0.958
genotype [7, 37, 47]
Initializing network...
val_loss_min:  0.1372
val_acc_max:  0.9607
genotype [7, 4, 6]
Initializing network...
val_loss_min:  0.3557
val_acc_max:  0.8995
genotype [8, 32, 19]
Initializing network...
val_loss_min:  0.1339
val_acc_max:  0.9595
genotype [30, 37, 19]
Initializing network...
val_loss_min:  0.1287
val_acc_max:  0.9631
genotype [11, 32, 3]
Initializing network...
val_loss_min:  0.1253
val_acc_max:  0.9647
genotype [27, 18, 19]
Initializing network...
val_loss_min:  0.1439
val_acc_max:  0.9619
genotype [15, 24, 49]
Initializing network...
val_loss_min:  0.1525
val_acc_max:  0.9537
genotype [11, 32, 3]
Initializing network...
val_loss_min:  0.1309
val_acc_max:  0.9634
genotype [11, 28, 26]
Initializing network...
val_loss_min:  0.1407
val_acc_max:  0.9607
genotype [29, 40, 49]
Initializing network...
val_loss_min:  0.1392
val_acc_max:  0.9607
genotype [12, 22, 49]
Initializing network...
val_loss_min:  0.1354
val_acc_max:  0.9604
population saved
population [[7, 37, 6], [7, 37, 6], [19, 37, 6], [7, 37, 6], [19, 37, 6], [19, 37, 6], [19, 37, 6], [15, 37, 6], [7, 32, 3], [15, 32, 19], [11, 48, 43], [11, 48, 43], [11, 37, 19], [11, 32, 3], [11, 37, 19], [25, 32, 42], [11, 26, 16], [11, 24, 49], [25, 32, 42], [25, 32, 42], [20, 48, 19], [11, 48, 43], [25, 32, 42], [15, 32, 3], [20, 48, 19], [29, 22, 49], [29, 22, 49], [11, 34, 42], [19, 37, 6], [11, 34, 42]]
[0.1171, 0.1171, 0.1205, 0.1171, 0.1205, 0.1205, 0.1205, 0.1189, 0.1238, 0.1213, 0.1236, 0.1236, 0.1243, 0.1253, 0.1243, 0.127, 0.1274, 0.1264, 0.127, 0.127, 0.1272, 0.1236, 0.127, 0.1255, 0.1272, 0.1298, 0.1298, 0.1298, 0.1205, 0.1298]
min: 0.1171, max:0.1298, avg:0.12411333333333334
9  	12    	0.124113	0.00387296	0.1171	0.1298
genotype [7, 20, 6]
Initializing network...
val_loss_min:  0.1389
val_acc_max:  0.9595
genotype [5, 9, 6]
Initializing network...
val_loss_min:  0.1776
val_acc_max:  0.9467
genotype [6, 37, 6]
Initializing network...
val_loss_min:  0.1142
val_acc_max:  0.965
genotype [7, 47, 43]
Initializing network...
val_loss_min:  0.1275
val_acc_max:  0.9631
genotype [11, 32, 42]
Initializing network...
val_loss_min:  0.1279
val_acc_max:  0.9604
genotype [25, 24, 49]
Initializing network...
val_loss_min:  0.1311
val_acc_max:  0.9583
genotype [2, 48, 19]
Initializing network...
val_loss_min:  0.1249
val_acc_max:  0.9628
genotype [29, 28, 4]
Initializing network...
val_loss_min:  0.1352
val_acc_max:  0.9589
genotype [13, 34, 42]
Initializing network...
val_loss_min:  0.1308
val_acc_max:  0.9607
population saved
population [[7, 37, 6], [7, 37, 6], [19, 37, 6], [7, 37, 6], [19, 37, 6], [19, 37, 6], [19, 37, 6], [6, 37, 6], [19, 37, 6], [15, 32, 19], [11, 48, 43], [11, 48, 43], [11, 37, 19], [11, 32, 3], [11, 37, 19], [11, 37, 19], [11, 32, 3], [15, 32, 3], [25, 32, 42], [25, 32, 42], [25, 32, 42], [11, 48, 43], [25, 32, 42], [2, 48, 19], [20, 48, 19], [11, 26, 16], [29, 22, 49], [11, 34, 42], [19, 37, 6], [11, 34, 42]]
[0.1171, 0.1171, 0.1205, 0.1171, 0.1205, 0.1205, 0.1205, 0.1142, 0.1205, 0.1213, 0.1236, 0.1236, 0.1243, 0.1253, 0.1243, 0.1243, 0.1253, 0.1255, 0.127, 0.127, 0.127, 0.1236, 0.127, 0.1249, 0.1272, 0.1274, 0.1298, 0.1298, 0.1205, 0.1298]
min: 0.1142, max:0.1298, avg:0.12355
10 	9     	0.12355 	0.0039979 	0.1142	0.1298
genotype [6, 37, 23]
Initializing network...
val_loss_min:  0.1431
val_acc_max:  0.961
genotype [19, 37, 27]
Initializing network...
val_loss_min:  0.1353
val_acc_max:  0.961
genotype [15, 32, 43]
Initializing network...
val_loss_min:  0.1338
val_acc_max:  0.9607
genotype [22, 9, 16]
Initializing network...
val_loss_min:  0.176
val_acc_max:  0.9494
genotype [15, 32, 42]
Initializing network...
val_loss_min:  0.1369
val_acc_max:  0.9598
genotype [25, 32, 3]
Initializing network...
val_loss_min:  0.1314
val_acc_max:  0.9592
genotype [25, 30, 42]
Initializing network...
val_loss_min:  0.1448
val_acc_max:  0.9583
genotype [11, 22, 49]
Initializing network...
val_loss_min:  0.1374
val_acc_max:  0.9586
genotype [8, 26, 16]
Initializing network...
val_loss_min:  0.1283
val_acc_max:  0.9616
population saved
population [[7, 37, 6], [7, 37, 6], [7, 37, 6], [7, 37, 6], [19, 37, 6], [19, 37, 6], [19, 37, 6], [6, 37, 6], [19, 37, 6], [19, 37, 6], [11, 48, 43], [11, 48, 43], [11, 48, 43], [11, 48, 43], [11, 37, 19], [11, 37, 19], [11, 37, 19], [2, 48, 19], [11, 32, 3], [11, 32, 3], [25, 32, 42], [11, 48, 43], [25, 32, 42], [2, 48, 19], [20, 48, 19], [20, 48, 19], [29, 22, 49], [8, 26, 16], [19, 37, 6], [11, 34, 42]]
[0.1171, 0.1171, 0.1171, 0.1171, 0.1205, 0.1205, 0.1205, 0.1142, 0.1205, 0.1205, 0.1236, 0.1236, 0.1236, 0.1236, 0.1243, 0.1243, 0.1243, 0.1249, 0.1253, 0.1253, 0.127, 0.1236, 0.127, 0.1249, 0.1272, 0.1272, 0.1298, 0.1283, 0.1205, 0.1298]
min: 0.1142, max:0.1298, avg:0.12310666666666667
11 	9     	0.123107	0.00394275	0.1142	0.1298
genotype [25, 37, 6]
Initializing network...
val_loss_min:  0.1244
val_acc_max:  0.9616
genotype [19, 35, 9]
Initializing network...
val_loss_min:  0.1364
val_acc_max:  0.9589
genotype [19, 47, 35]
Initializing network...
val_loss_min:  0.1414
val_acc_max:  0.9592
genotype [19, 37, 43]
Initializing network...
val_loss_min:  0.1273
val_acc_max:  0.9616
genotype [11, 30, 6]
Initializing network...
val_loss_min:  0.136
val_acc_max:  0.9586
genotype [30, 34, 23]
Initializing network...
val_loss_min:  0.1225
val_acc_max:  0.9631
genotype [2, 48, 43]
Initializing network...
val_loss_min:  0.1272
val_acc_max:  0.9637
genotype [30, 32, 3]
Initializing network...
val_loss_min:  0.138
val_acc_max:  0.9564
genotype [30, 49, 15]
Initializing network...
val_loss_min:  0.1251
val_acc_max:  0.9616
genotype [29, 5, 49]
Initializing network...
val_loss_min:  0.225
val_acc_max:  0.9317
population saved
population [[6, 37, 6], [7, 37, 6], [7, 37, 6], [7, 37, 6], [7, 37, 6], [19, 37, 6], [19, 37, 6], [6, 37, 6], [19, 37, 6], [19, 37, 6], [11, 48, 43], [11, 48, 43], [11, 48, 43], [30, 34, 23], [11, 37, 19], [11, 48, 43], [11, 37, 19], [11, 37, 19], [11, 37, 19], [2, 48, 19], [2, 48, 19], [11, 48, 43], [25, 32, 42], [2, 48, 19], [25, 32, 42], [20, 48, 19], [20, 48, 19], [30, 49, 15], [19, 37, 6], [11, 34, 42]]
[0.1142, 0.1171, 0.1171, 0.1171, 0.1171, 0.1205, 0.1205, 0.1142, 0.1205, 0.1205, 0.1236, 0.1236, 0.1236, 0.1225, 0.1243, 0.1236, 0.1243, 0.1243, 0.1243, 0.1249, 0.1249, 0.1236, 0.127, 0.1249, 0.127, 0.1272, 0.1272, 0.1251, 0.1205, 0.1298]
min: 0.1142, max:0.1298, avg:0.12249999999999998
12 	10    	0.1225  	0.00389632	0.1142	0.1298
genotype [9, 22, 6]
Initializing network...
val_loss_min:  0.1427
val_acc_max:  0.9604
genotype [7, 37, 38]
Initializing network...
val_loss_min:  0.1327
val_acc_max:  0.9616
genotype [19, 33, 6]
Initializing network...
val_loss_min:  0.1326
val_acc_max:  0.9607
genotype [19, 34, 23]
Initializing network...
val_loss_min:  0.1272
val_acc_max:  0.9628
genotype [11, 1, 43]
Initializing network...
val_loss_min:  1.3731
val_acc_max:  0.4976
genotype [11, 48, 29]
Initializing network...
val_loss_min:  0.1328
val_acc_max:  0.9622
genotype [11, 8, 19]
Initializing network...
val_loss_min:  0.1612
val_acc_max:  0.9497
genotype [2, 30, 19]
Initializing network...
val_loss_min:  0.1284
val_acc_max:  0.9628
genotype [30, 2, 45]
Initializing network...
val_loss_min:  0.6977
val_acc_max:  0.77
genotype [25, 32, 15]
Initializing network...
val_loss_min:  0.138
val_acc_max:  0.9586
genotype [30, 17, 42]
Initializing network...
val_loss_min:  0.1568
val_acc_max:  0.9552
population saved
population [[6, 37, 6], [7, 37, 6], [7, 37, 6], [7, 37, 6], [7, 37, 6], [7, 37, 6], [19, 37, 6], [6, 37, 6], [19, 37, 6], [19, 37, 6], [11, 48, 43], [11, 48, 43], [11, 48, 43], [30, 34, 23], [11, 48, 43], [11, 48, 43], [11, 48, 43], [11, 37, 19], [11, 37, 19], [11, 37, 19], [11, 37, 19], [11, 48, 43], [2, 48, 19], [2, 48, 19], [25, 32, 42], [20, 48, 19], [20, 48, 19], [30, 49, 15], [19, 37, 6], [11, 34, 42]]
[0.1142, 0.1171, 0.1171, 0.1171, 0.1171, 0.1171, 0.1205, 0.1142, 0.1205, 0.1205, 0.1236, 0.1236, 0.1236, 0.1225, 0.1236, 0.1236, 0.1236, 0.1243, 0.1243, 0.1243, 0.1243, 0.1236, 0.1249, 0.1249, 0.127, 0.1272, 0.1272, 0.1251, 0.1205, 0.1298]
min: 0.1142, max:0.1298, avg:0.12222999999999996
13 	11    	0.12223 	0.00389368	0.1142	0.1298
genotype [6, 24, 6]
Initializing network...
val_loss_min:  0.1412
val_acc_max:  0.9601
genotype [7, 37, 42]
Initializing network...
val_loss_min:  0.134
val_acc_max:  0.9604
genotype [11, 48, 28]
Initializing network...
val_loss_min:  0.1318
val_acc_max:  0.9616
genotype [30, 48, 43]
Initializing network...
val_loss_min:  0.1405
val_acc_max:  0.9595
genotype [4, 48, 43]
Initializing network...
val_loss_min:  0.1368
val_acc_max:  0.9613
genotype [27, 48, 19]
Initializing network...
val_loss_min:  0.1319
val_acc_max:  0.9595
genotype [2, 37, 19]
Initializing network...
val_loss_min:  0.1359
val_acc_max:  0.9613
genotype [30, 48, 15]
Initializing network...
val_loss_min:  0.1273
val_acc_max:  0.9628
genotype [30, 49, 19]
Initializing network...
val_loss_min:  0.1268
val_acc_max:  0.9674
genotype [28, 32, 19]
Initializing network...
val_loss_min:  0.1401
val_acc_max:  0.9583
genotype [20, 48, 42]
Initializing network...
val_loss_min:  0.1321
val_acc_max:  0.9601
genotype [20, 2, 19]
Initializing network...
val_loss_min:  0.7108
val_acc_max:  0.791
population saved
population [[6, 37, 6], [7, 37, 6], [7, 37, 6], [7, 37, 6], [7, 37, 6], [7, 37, 6], [7, 37, 6], [6, 37, 6], [19, 37, 6], [19, 37, 6], [11, 48, 43], [11, 48, 43], [11, 48, 43], [30, 34, 23], [11, 48, 43], [11, 48, 43], [11, 48, 43], [11, 48, 43], [11, 48, 43], [11, 37, 19], [11, 37, 19], [11, 48, 43], [2, 48, 19], [2, 48, 19], [25, 32, 42], [30, 49, 19], [20, 48, 19], [30, 49, 15], [19, 37, 6], [11, 34, 42]]
[0.1142, 0.1171, 0.1171, 0.1171, 0.1171, 0.1171, 0.1171, 0.1142, 0.1205, 0.1205, 0.1236, 0.1236, 0.1236, 0.1225, 0.1236, 0.1236, 0.1236, 0.1236, 0.1236, 0.1243, 0.1243, 0.1236, 0.1249, 0.1249, 0.127, 0.1268, 0.1272, 0.1251, 0.1205, 0.1298]
min: 0.1142, max:0.1298, avg:0.12205666666666665
14 	12    	0.122057	0.00395227	0.1142	0.1298
genotype [6, 37, 15]
Initializing network...
val_loss_min:  0.1272
val_acc_max:  0.9619
genotype [30, 37, 38]
Initializing network...
val_loss_min:  0.1394
val_acc_max:  0.9607
genotype [11, 48, 18]
Initializing network...
val_loss_min:  0.128
val_acc_max:  0.9628
genotype [11, 48, 13]
Initializing network...
val_loss_min:  0.1246
val_acc_max:  0.9631
genotype [2, 31, 2]
Initializing network...
val_loss_min:  0.1504
val_acc_max:  0.9537
genotype [20, 34, 42]
Initializing network...
val_loss_min:  0.1384
val_acc_max:  0.9604
population saved
population [[6, 37, 6], [7, 37, 6], [7, 37, 6], [7, 37, 6], [7, 37, 6], [7, 37, 6], [7, 37, 6], [6, 37, 6], [19, 37, 6], [19, 37, 6], [11, 48, 43], [11, 48, 43], [11, 48, 43], [30, 34, 23], [11, 48, 43], [11, 48, 43], [11, 48, 43], [11, 48, 43], [11, 48, 43], [11, 48, 43], [11, 48, 43], [11, 48, 43], [11, 37, 19], [2, 48, 19], [25, 32, 42], [30, 49, 15], [30, 49, 19], [30, 49, 15], [19, 37, 6], [11, 48, 19]]
[0.1142, 0.1171, 0.1171, 0.1171, 0.1171, 0.1171, 0.1171, 0.1142, 0.1205, 0.1205, 0.1236, 0.1236, 0.1236, 0.1225, 0.1236, 0.1236, 0.1236, 0.1236, 0.1236, 0.1236, 0.1236, 0.1236, 0.1243, 0.1249, 0.127, 0.1251, 0.1268, 0.1251, 0.1205, 0.1285]
min: 0.1142, max:0.1285, avg:0.12187666666666666
15 	6     	0.121877	0.0037579 	0.1142	0.1285
genotype [10, 9, 47]
Initializing network...
val_loss_min:  0.1785
val_acc_max:  0.9458
genotype [27, 37, 6]
Initializing network...
val_loss_min:  0.1271
val_acc_max:  0.9619
genotype [19, 37, 23]
Initializing network...
val_loss_min:  0.1393
val_acc_max:  0.9598
genotype [30, 34, 6]
Initializing network...
val_loss_min:  0.1265
val_acc_max:  0.965
genotype [11, 48, 10]
Initializing network...
val_loss_min:  0.1175
val_acc_max:  0.9628
genotype [30, 30, 5]
Initializing network...
val_loss_min:  0.1353
val_acc_max:  0.9586
genotype [11, 23, 19]
Initializing network...
val_loss_min:  0.1306
val_acc_max:  0.965
genotype [11, 37, 43]
Initializing network...
val_loss_min:  0.1314
val_acc_max:  0.9583
genotype [2, 48, 15]
Initializing network...
val_loss_min:  0.1237
val_acc_max:  0.9616
genotype [30, 3, 19]
Initializing network...
val_loss_min:  0.5065
val_acc_max:  0.8492
population saved
population [[6, 37, 6], [6, 37, 6], [7, 37, 6], [7, 37, 6], [7, 37, 6], [7, 37, 6], [7, 37, 6], [6, 37, 6], [19, 37, 6], [19, 37, 6], [11, 48, 43], [11, 48, 43], [11, 48, 43], [11, 48, 10], [11, 48, 43], [11, 48, 43], [11, 48, 43], [11, 48, 43], [11, 48, 43], [11, 48, 43], [11, 48, 43], [11, 48, 43], [11, 37, 19], [2, 48, 19], [2, 48, 15], [30, 49, 15], [30, 49, 19], [30, 49, 15], [19, 37, 6], [11, 48, 19]]
[0.1142, 0.1142, 0.1171, 0.1171, 0.1171, 0.1171, 0.1171, 0.1142, 0.1205, 0.1205, 0.1236, 0.1236, 0.1236, 0.1175, 0.1236, 0.1236, 0.1236, 0.1236, 0.1236, 0.1236, 0.1236, 0.1236, 0.1243, 0.1249, 0.1237, 0.1251, 0.1268, 0.1251, 0.1205, 0.1285]
min: 0.1142, max:0.1285, avg:0.12150333333333331
16 	10    	0.121503	0.00387913	0.1142	0.1285
genotype [7, 42, 6]
Initializing network...
val_loss_min:  0.1364
val_acc_max:  0.9619
genotype [11, 24, 10]
Initializing network...
val_loss_min:  0.1295
val_acc_max:  0.9598
genotype [11, 40, 43]
Initializing network...
val_loss_min:  0.1417
val_acc_max:  0.9595
genotype [11, 9, 28]
Initializing network...
val_loss_min:  0.1647
val_acc_max:  0.9491
genotype [11, 48, 22]
Initializing network...
val_loss_min:  0.121
val_acc_max:  0.9625
genotype [11, 48, 4]
Initializing network...
val_loss_min:  0.1301
val_acc_max:  0.9616
genotype [11, 49, 36]
Initializing network...
val_loss_min:  0.135
val_acc_max:  0.9628
genotype [11, 48, 15]
Initializing network...
val_loss_min:  0.1418
val_acc_max:  0.961
genotype [21, 32, 19]
Initializing network...
val_loss_min:  0.1332
val_acc_max:  0.9607
population saved
population [[6, 37, 6], [6, 37, 6], [6, 37, 6], [7, 37, 6], [7, 37, 6], [7, 37, 6], [7, 37, 6], [6, 37, 6], [19, 37, 6], [19, 37, 6], [19, 37, 6], [19, 37, 6], [11, 48, 43], [11, 48, 10], [11, 48, 43], [11, 48, 22], [11, 48, 43], [11, 48, 43], [11, 48, 43], [11, 48, 43], [11, 48, 43], [11, 48, 43], [11, 37, 19], [2, 48, 19], [2, 48, 15], [2, 48, 19], [30, 49, 15], [30, 49, 15], [19, 37, 6], [11, 48, 19]]
[0.1142, 0.1142, 0.1142, 0.1171, 0.1171, 0.1171, 0.1171, 0.1142, 0.1205, 0.1205, 0.1205, 0.1205, 0.1236, 0.1175, 0.1236, 0.121, 0.1236, 0.1236, 0.1236, 0.1236, 0.1236, 0.1236, 0.1243, 0.1249, 0.1237, 0.1249, 0.1251, 0.1251, 0.1205, 0.1285]
min: 0.1142, max:0.1285, avg:0.12104999999999996
17 	9     	0.12105 	0.00388061	0.1142	0.1285
genotype [27, 37, 24]
Initializing network...
val_loss_min:  0.1409
val_acc_max:  0.9586
genotype [30, 46, 6]
Initializing network...
val_loss_min:  0.1307
val_acc_max:  0.9601
genotype [11, 48, 6]
Initializing network...
val_loss_min:  0.126
val_acc_max:  0.9653
genotype [19, 37, 10]
Initializing network...
val_loss_min:  0.1272
val_acc_max:  0.9644
genotype [19, 37, 2]
Initializing network...
val_loss_min:  0.147
val_acc_max:  0.9586
genotype [11, 48, 2]
Initializing network...
val_loss_min:  0.125
val_acc_max:  0.9613
genotype [30, 33, 12]
Initializing network...
val_loss_min:  0.1372
val_acc_max:  0.9589
genotype [11, 20, 43]
Initializing network...
val_loss_min:  0.1365
val_acc_max:  0.9567
genotype [30, 49, 12]
Initializing network...
val_loss_min:  0.1338
val_acc_max:  0.964
population saved
population [[6, 37, 6], [6, 37, 6], [6, 37, 6], [6, 37, 6], [7, 37, 6], [7, 37, 6], [7, 37, 6], [6, 37, 6], [19, 37, 6], [19, 37, 6], [19, 37, 6], [19, 37, 6], [11, 48, 43], [11, 48, 10], [11, 48, 43], [11, 48, 22], [11, 48, 43], [11, 48, 43], [11, 48, 43], [11, 48, 43], [11, 48, 43], [11, 48, 43], [11, 37, 19], [2, 48, 19], [2, 48, 15], [2, 48, 19], [2, 48, 19], [30, 49, 15], [19, 37, 6], [11, 48, 19]]
[0.1142, 0.1142, 0.1142, 0.1142, 0.1171, 0.1171, 0.1171, 0.1142, 0.1205, 0.1205, 0.1205, 0.1205, 0.1236, 0.1175, 0.1236, 0.121, 0.1236, 0.1236, 0.1236, 0.1236, 0.1236, 0.1236, 0.1243, 0.1249, 0.1237, 0.1249, 0.1249, 0.1251, 0.1205, 0.1285]
min: 0.1142, max:0.1285, avg:0.12094666666666663
18 	9     	0.120947	0.00400497	0.1142	0.1285
genotype [30, 37, 30]
Initializing network...
val_loss_min:  0.133
val_acc_max:  0.9634
genotype [30, 29, 6]
Initializing network...
val_loss_min:  0.1255
val_acc_max:  0.9631
genotype [12, 37, 6]
Initializing network...
val_loss_min:  0.1426
val_acc_max:  0.9576
genotype [11, 37, 6]
Initializing network...
val_loss_min:  0.1245
val_acc_max:  0.9644
genotype [19, 48, 10]
Initializing network...
val_loss_min:  0.1322
val_acc_max:  0.9622
genotype [30, 37, 23]
Initializing network...
val_loss_min:  0.1359
val_acc_max:  0.9607
genotype [28, 48, 43]
Initializing network...
val_loss_min:  0.1328
val_acc_max:  0.9625
genotype [2, 48, 48]
Initializing network...
val_loss_min:  0.1303
val_acc_max:  0.9637
genotype [2, 24, 19]
Initializing network...
val_loss_min:  0.1328
val_acc_max:  0.9607
genotype [11, 49, 15]
Initializing network...
val_loss_min:  0.1346
val_acc_max:  0.9616
population saved
population [[6, 37, 6], [6, 37, 6], [6, 37, 6], [6, 37, 6], [6, 37, 6], [7, 37, 6], [7, 37, 6], [6, 37, 6], [19, 37, 6], [19, 37, 6], [19, 37, 6], [19, 37, 6], [19, 37, 6], [11, 48, 10], [11, 48, 22], [11, 48, 22], [11, 48, 43], [11, 48, 43], [11, 48, 43], [11, 48, 43], [11, 48, 43], [11, 48, 43], [11, 37, 19], [2, 48, 19], [2, 48, 15], [2, 48, 19], [2, 48, 19], [2, 48, 19], [19, 37, 6], [11, 48, 19]]
[0.1142, 0.1142, 0.1142, 0.1142, 0.1142, 0.1171, 0.1171, 0.1142, 0.1205, 0.1205, 0.1205, 0.1205, 0.1205, 0.1175, 0.121, 0.121, 0.1236, 0.1236, 0.1236, 0.1236, 0.1236, 0.1236, 0.1243, 0.1249, 0.1237, 0.1249, 0.1249, 0.1249, 0.1205, 0.1285]
min: 0.1142, max:0.1285, avg:0.1206533333333333
19 	10    	0.120653	0.00405723	0.1142	0.1285
genotype [6, 37, 41]
Initializing network...
val_loss_min:  0.133
val_acc_max:  0.9592
genotype [8, 37, 4]
Initializing network...
val_loss_min:  0.1308
val_acc_max:  0.9625
genotype [24, 37, 6]
Initializing network...
val_loss_min:  0.1272
val_acc_max:  0.9619
genotype [6, 37, 37]
Initializing network...
val_loss_min:  0.1353
val_acc_max:  0.9622
genotype [10, 37, 44]
Initializing network...
val_loss_min:  0.1375
val_acc_max:  0.9592
genotype [2, 42, 22]
Initializing network...
val_loss_min:  0.1336
val_acc_max:  0.9607
genotype [30, 28, 3]
Initializing network...
val_loss_min:  0.1236
val_acc_max:  0.9631
genotype [1, 48, 43]
Initializing network...
val_loss_min:  0.1363
val_acc_max:  0.9616
genotype [11, 47, 43]
Initializing network...
val_loss_min:  0.1472
val_acc_max:  0.9595
genotype [11, 24, 43]
Initializing network...
val_loss_min:  0.1388
val_acc_max:  0.9598
genotype [2, 39, 19]
Initializing network...
val_loss_min:  0.1287
val_acc_max:  0.9634
population saved
population [[6, 37, 6], [6, 37, 6], [6, 37, 6], [6, 37, 6], [6, 37, 6], [7, 37, 6], [7, 37, 6], [6, 37, 6], [19, 37, 6], [19, 37, 6], [19, 37, 6], [19, 37, 6], [19, 37, 6], [11, 48, 10], [11, 48, 22], [11, 48, 22], [11, 48, 43], [11, 48, 43], [11, 48, 43], [11, 48, 43], [11, 48, 43], [11, 48, 43], [11, 48, 43], [2, 48, 15], [2, 48, 15], [2, 48, 19], [2, 48, 19], [2, 48, 19], [19, 37, 6], [11, 48, 19]]
[0.1142, 0.1142, 0.1142, 0.1142, 0.1142, 0.1171, 0.1171, 0.1142, 0.1205, 0.1205, 0.1205, 0.1205, 0.1205, 0.1175, 0.121, 0.121, 0.1236, 0.1236, 0.1236, 0.1236, 0.1236, 0.1236, 0.1236, 0.1237, 0.1237, 0.1249, 0.1249, 0.1249, 0.1205, 0.1285]
min: 0.1142, max:0.1285, avg:0.12058999999999999
20 	11    	0.12059 	0.00400145	0.1142	0.1285
genotype [6, 22, 6]
Initializing network...
val_loss_min:  0.1322
val_acc_max:  0.9607
genotype [6, 6, 5]
Initializing network...
val_loss_min:  0.221
val_acc_max:  0.9348
genotype [7, 37, 32]
Initializing network...
val_loss_min:  0.1386
val_acc_max:  0.9607
genotype [30, 28, 10]
Initializing network...
val_loss_min:  0.1369
val_acc_max:  0.9564
genotype [30, 37, 22]
Initializing network...
val_loss_min:  0.1298
val_acc_max:  0.9637
genotype [11, 48, 45]
Initializing network...
val_loss_min:  0.1328
val_acc_max:  0.9625
genotype [11, 26, 43]
Initializing network...
val_loss_min:  0.1545
val_acc_max:  0.9583
genotype [30, 36, 43]
Initializing network...
val_loss_min:  0.132
val_acc_max:  0.9601
genotype [30, 17, 43]
Initializing network...
val_loss_min:  0.1497
val_acc_max:  0.9537
genotype [2, 40, 19]
Initializing network...
val_loss_min:  0.1249
val_acc_max:  0.9656
population saved
population [[6, 37, 6], [6, 37, 6], [6, 37, 6], [6, 37, 6], [6, 37, 6], [6, 37, 6], [7, 37, 6], [6, 37, 6], [19, 37, 6], [19, 37, 6], [19, 37, 6], [19, 37, 6], [19, 37, 6], [11, 48, 10], [19, 37, 6], [11, 48, 22], [11, 48, 43], [11, 48, 43], [11, 48, 43], [11, 48, 43], [11, 48, 43], [11, 48, 43], [11, 48, 43], [11, 48, 43], [2, 48, 15], [2, 48, 15], [2, 48, 19], [2, 48, 19], [19, 37, 6], [11, 48, 19]]
[0.1142, 0.1142, 0.1142, 0.1142, 0.1142, 0.1142, 0.1171, 0.1142, 0.1205, 0.1205, 0.1205, 0.1205, 0.1205, 0.1175, 0.1205, 0.121, 0.1236, 0.1236, 0.1236, 0.1236, 0.1236, 0.1236, 0.1236, 0.1236, 0.1237, 0.1237, 0.1249, 0.1249, 0.1205, 0.1285]
min: 0.1142, max:0.1285, avg:0.12043333333333335
21 	10    	0.120433	0.00407671	0.1142	0.1285
genotype [6, 37, 34]
Initializing network...
val_loss_min:  0.1366
val_acc_max:  0.9576
genotype [6, 37, 8]
Initializing network...
val_loss_min:  0.129
val_acc_max:  0.9622
genotype [6, 37, 22]
Initializing network...
val_loss_min:  0.1335
val_acc_max:  0.958
genotype [2, 48, 22]
Initializing network...
val_loss_min:  0.1368
val_acc_max:  0.9616
genotype [17, 48, 43]
Initializing network...
val_loss_min:  0.1361
val_acc_max:  0.9613
population saved
population [[6, 37, 6], [6, 37, 6], [6, 37, 6], [6, 37, 6], [6, 37, 6], [6, 37, 6], [6, 37, 6], [6, 37, 6], [19, 37, 6], [19, 37, 6], [19, 37, 6], [19, 37, 6], [19, 37, 6], [11, 48, 10], [19, 37, 6], [19, 37, 6], [11, 48, 43], [11, 48, 43], [11, 48, 43], [11, 48, 43], [11, 48, 43], [11, 48, 43], [11, 48, 43], [11, 48, 43], [2, 48, 15], [2, 48, 15], [2, 48, 15], [2, 48, 19], [19, 37, 6], [11, 48, 19]]
[0.1142, 0.1142, 0.1142, 0.1142, 0.1142, 0.1142, 0.1142, 0.1142, 0.1205, 0.1205, 0.1205, 0.1205, 0.1205, 0.1175, 0.1205, 0.1205, 0.1236, 0.1236, 0.1236, 0.1236, 0.1236, 0.1236, 0.1236, 0.1236, 0.1237, 0.1237, 0.1237, 0.1249, 0.1205, 0.1285]
min: 0.1142, max:0.1285, avg:0.12028
22 	5     	0.12028 	0.0041474 	0.1142	0.1285
genotype [1, 37, 6]
Initializing network...
val_loss_min:  0.1288
val_acc_max:  0.9622
genotype [6, 43, 6]
Initializing network...
val_loss_min:  0.1165
val_acc_max:  0.964
genotype [19, 50, 26]
Initializing network...
val_loss_min:  0.1331
val_acc_max:  0.9631
genotype [19, 23, 6]
Initializing network...
val_loss_min:  0.1331
val_acc_max:  0.9586
genotype [11, 37, 50]
Initializing network...
val_loss_min:  0.1345
val_acc_max:  0.9592
genotype [30, 47, 18]
Initializing network...
val_loss_min:  0.14
val_acc_max:  0.9564
genotype [16, 48, 19]
Initializing network...
val_loss_min:  0.1299
val_acc_max:  0.9613
population saved
population [[6, 37, 6], [6, 37, 6], [6, 37, 6], [6, 37, 6], [6, 37, 6], [6, 37, 6], [6, 37, 6], [6, 37, 6], [15, 37, 6], [19, 37, 6], [19, 37, 6], [19, 37, 6], [19, 37, 6], [11, 48, 10], [19, 37, 6], [19, 37, 6], [19, 37, 6], [11, 48, 43], [11, 48, 43], [11, 48, 43], [11, 48, 43], [11, 48, 43], [11, 48, 43], [11, 48, 43], [2, 48, 15], [2, 48, 15], [2, 48, 15], [2, 48, 15], [19, 37, 6], [11, 48, 19]]
[0.1142, 0.1142, 0.1142, 0.1142, 0.1142, 0.1142, 0.1142, 0.1142, 0.1189, 0.1205, 0.1205, 0.1205, 0.1205, 0.1175, 0.1205, 0.1205, 0.1205, 0.1236, 0.1236, 0.1236, 0.1236, 0.1236, 0.1236, 0.1236, 0.1237, 0.1237, 0.1237, 0.1237, 0.1205, 0.1285]
min: 0.1142, max:0.1285, avg:0.12008333333333335
23 	7     	0.120083	0.00406654	0.1142	0.1285
genotype [6, 37, 35]
Initializing network...
val_loss_min:  0.1365
val_acc_max:  0.958
genotype [6, 29, 6]
Initializing network...
val_loss_min:  0.1315
val_acc_max:  0.9604
genotype [15, 48, 10]
Initializing network...
val_loss_min:  0.1249
val_acc_max:  0.9631
genotype [19, 37, 40]
Initializing network...
val_loss_min:  0.1391
val_acc_max:  0.9586
genotype [19, 37, 9]
Initializing network...
val_loss_min:  0.1359
val_acc_max:  0.9622
genotype [11, 4, 43]
Initializing network...
val_loss_min:  0.3024
val_acc_max:  0.9147
genotype [11, 48, 36]
Initializing network...
val_loss_min:  0.1322
val_acc_max:  0.9613
genotype [24, 48, 43]
Initializing network...
val_loss_min:  0.1345
val_acc_max:  0.9589
genotype [5, 48, 47]
Initializing network...
val_loss_min:  0.1314
val_acc_max:  0.9601
population saved
population [[6, 37, 6], [6, 37, 6], [6, 37, 6], [6, 37, 6], [6, 37, 6], [6, 37, 6], [6, 37, 6], [6, 37, 6], [15, 37, 6], [19, 37, 6], [19, 37, 6], [19, 37, 6], [19, 37, 6], [11, 48, 10], [19, 37, 6], [19, 37, 6], [19, 37, 6], [11, 48, 43], [11, 48, 43], [11, 48, 43], [11, 48, 43], [11, 48, 43], [11, 48, 43], [11, 48, 43], [2, 48, 15], [2, 48, 15], [2, 48, 15], [2, 48, 15], [19, 37, 6], [11, 48, 19]]
[0.1142, 0.1142, 0.1142, 0.1142, 0.1142, 0.1142, 0.1142, 0.1142, 0.1189, 0.1205, 0.1205, 0.1205, 0.1205, 0.1175, 0.1205, 0.1205, 0.1205, 0.1236, 0.1236, 0.1236, 0.1236, 0.1236, 0.1236, 0.1236, 0.1237, 0.1237, 0.1237, 0.1237, 0.1205, 0.1285]
min: 0.1142, max:0.1285, avg:0.12008333333333335
24 	9     	0.120083	0.00406654	0.1142	0.1285
genotype [18, 37, 33]
Initializing network...
val_loss_min:  0.1389
val_acc_max:  0.9589
genotype [6, 37, 33]
Initializing network...
val_loss_min:  0.1344
val_acc_max:  0.9598
genotype [6, 23, 15]
Initializing network...
val_loss_min:  0.1475
val_acc_max:  0.9583
genotype [6, 39, 6]
Initializing network...
val_loss_min:  0.134
val_acc_max:  0.9604
genotype [4, 37, 6]
Initializing network...
val_loss_min:  0.116
val_acc_max:  0.9628
genotype [18, 7, 6]
Initializing network...
val_loss_min:  0.2086
val_acc_max:  0.9385
genotype [7, 48, 10]
Initializing network...
val_loss_min:  0.1189
val_acc_max:  0.9647
genotype [30, 37, 24]
Initializing network...
val_loss_min:  0.1253
val_acc_max:  0.9598
genotype [23, 37, 6]
Initializing network...
val_loss_min:  0.1363
val_acc_max:  0.9625
genotype [19, 37, 18]
Initializing network...
val_loss_min:  0.1304
val_acc_max:  0.9601
genotype [30, 38, 43]
Initializing network...
val_loss_min:  0.1269
val_acc_max:  0.9625
genotype [11, 48, 46]
Initializing network...
val_loss_min:  0.1379
val_acc_max:  0.958
genotype [2, 17, 15]
Initializing network...
val_loss_min:  0.1517
val_acc_max:  0.9586
genotype [24, 48, 19]
Initializing network...
val_loss_min:  0.1281
val_acc_max:  0.9619
population saved
population [[6, 37, 6], [6, 37, 6], [6, 37, 6], [6, 37, 6], [6, 37, 6], [6, 37, 6], [6, 37, 6], [6, 37, 6], [15, 37, 6], [19, 37, 6], [19, 37, 6], [19, 37, 6], [19, 37, 6], [11, 48, 10], [19, 37, 6], [19, 37, 6], [19, 37, 6], [11, 48, 43], [11, 48, 43], [11, 48, 43], [11, 48, 43], [11, 48, 43], [11, 48, 43], [11, 48, 43], [11, 48, 43], [2, 48, 15], [2, 48, 15], [2, 48, 15], [19, 37, 6], [24, 48, 19]]
[0.1142, 0.1142, 0.1142, 0.1142, 0.1142, 0.1142, 0.1142, 0.1142, 0.1189, 0.1205, 0.1205, 0.1205, 0.1205, 0.1175, 0.1205, 0.1205, 0.1205, 0.1236, 0.1236, 0.1236, 0.1236, 0.1236, 0.1236, 0.1236, 0.1236, 0.1237, 0.1237, 0.1237, 0.1205, 0.1281]
min: 0.1142, max:0.1281, avg:0.1200666666666667
25 	14    	0.120067	0.00403653	0.1142	0.1281
genotype [15, 37, 10]
Initializing network...
val_loss_min:  0.133
val_acc_max:  0.9595
genotype [19, 26, 35]
Initializing network...
val_loss_min:  0.1394
val_acc_max:  0.9583
genotype [19, 32, 6]
Initializing network...
val_loss_min:  0.1275
val_acc_max:  0.9607
genotype [30, 21, 6]
Initializing network...
val_loss_min:  0.1449
val_acc_max:  0.9586
genotype [11, 42, 43]
Initializing network...
val_loss_min:  0.1333
val_acc_max:  0.9616
genotype [11, 39, 43]
Initializing network...
val_loss_min:  0.1415
val_acc_max:  0.961
genotype [30, 47, 43]
Initializing network...
val_loss_min:  0.1391
val_acc_max:  0.9631
genotype [2, 48, 18]
Initializing network...
val_loss_min:  0.1391
val_acc_max:  0.9607
genotype [24, 48, 15]
Initializing network...
val_loss_min:  0.1234
val_acc_max:  0.9616
population saved
population [[6, 37, 6], [6, 37, 6], [6, 37, 6], [6, 37, 6], [6, 37, 6], [6, 37, 6], [6, 37, 6], [6, 37, 6], [15, 37, 6], [19, 37, 6], [19, 37, 6], [19, 37, 6], [19, 37, 6], [11, 48, 10], [19, 37, 6], [19, 37, 6], [19, 37, 6], [11, 48, 43], [11, 48, 43], [11, 48, 43], [11, 48, 43], [11, 48, 43], [11, 48, 43], [11, 48, 43], [11, 48, 43], [11, 48, 43], [2, 48, 15], [2, 48, 15], [19, 37, 6], [24, 48, 15]]
[0.1142, 0.1142, 0.1142, 0.1142, 0.1142, 0.1142, 0.1142, 0.1142, 0.1189, 0.1205, 0.1205, 0.1205, 0.1205, 0.1175, 0.1205, 0.1205, 0.1205, 0.1236, 0.1236, 0.1236, 0.1236, 0.1236, 0.1236, 0.1236, 0.1236, 0.1236, 0.1237, 0.1237, 0.1205, 0.1234]
min: 0.1142, max:0.1237, avg:0.1199066666666667
26 	9     	0.119907	0.00380306	0.1142	0.1237
genotype [16, 45, 6]
Initializing network...
val_loss_min:  0.1203
val_acc_max:  0.964
genotype [6, 37, 14]
Initializing network...
val_loss_min:  0.1355
val_acc_max:  0.9637
genotype [19, 10, 6]
Initializing network...
val_loss_min:  0.1723
val_acc_max:  0.9452
genotype [19, 37, 50]
Initializing network...
val_loss_min:  0.144
val_acc_max:  0.9601
genotype [25, 18, 6]
Initializing network...
val_loss_min:  0.1439
val_acc_max:  0.9552
genotype [11, 48, 5]
Initializing network...
val_loss_min:  0.1439
val_acc_max:  0.9616
population saved
population [[6, 37, 6], [6, 37, 6], [6, 37, 6], [6, 37, 6], [6, 37, 6], [6, 37, 6], [6, 37, 6], [6, 37, 6], [15, 37, 6], [19, 37, 6], [19, 37, 6], [19, 37, 6], [19, 37, 6], [11, 48, 10], [19, 37, 6], [19, 37, 6], [19, 37, 6], [11, 48, 43], [24, 48, 15], [11, 48, 43], [11, 48, 43], [11, 48, 43], [11, 48, 43], [11, 48, 43], [11, 48, 43], [11, 48, 43], [11, 48, 43], [11, 48, 43], [19, 37, 6], [24, 48, 15]]
[0.1142, 0.1142, 0.1142, 0.1142, 0.1142, 0.1142, 0.1142, 0.1142, 0.1189, 0.1205, 0.1205, 0.1205, 0.1205, 0.1175, 0.1205, 0.1205, 0.1205, 0.1236, 0.1234, 0.1236, 0.1236, 0.1236, 0.1236, 0.1236, 0.1236, 0.1236, 0.1236, 0.1236, 0.1205, 0.1234]
min: 0.1142, max:0.1236, avg:0.1198933333333334
27 	6     	0.119893	0.00379016	0.1142	0.1236
genotype [18, 49, 6]
Initializing network...
val_loss_min:  0.1283
val_acc_max:  0.9613
population saved
population [[6, 37, 6], [6, 37, 6], [6, 37, 6], [6, 37, 6], [6, 37, 6], [6, 37, 6], [6, 37, 6], [6, 37, 6], [15, 37, 6], [19, 37, 6], [19, 37, 6], [19, 37, 6], [19, 37, 6], [11, 48, 10], [19, 37, 6], [19, 37, 6], [19, 37, 6], [19, 37, 6], [24, 48, 15], [24, 48, 15], [11, 48, 43], [11, 48, 43], [11, 48, 43], [11, 48, 43], [11, 48, 43], [11, 48, 43], [11, 48, 43], [11, 48, 43], [19, 37, 6], [24, 48, 15]]
[0.1142, 0.1142, 0.1142, 0.1142, 0.1142, 0.1142, 0.1142, 0.1142, 0.1189, 0.1205, 0.1205, 0.1205, 0.1205, 0.1175, 0.1205, 0.1205, 0.1205, 0.1205, 0.1234, 0.1234, 0.1236, 0.1236, 0.1236, 0.1236, 0.1236, 0.1236, 0.1236, 0.1236, 0.1205, 0.1234]
min: 0.1142, max:0.1236, avg:0.11978333333333338
28 	1     	0.119783	0.00372282	0.1142	0.1236
genotype [6, 24, 1]
Initializing network...
val_loss_min:  0.1597
val_acc_max:  0.9589
genotype [6, 37, 49]
Initializing network...
val_loss_min:  0.1325
val_acc_max:  0.9604
genotype [19, 37, 14]
Initializing network...
val_loss_min:  0.1474
val_acc_max:  0.9558
genotype [19, 27, 6]
Initializing network...
val_loss_min:  0.1345
val_acc_max:  0.9598
genotype [19, 37, 15]
Initializing network...
val_loss_min:  0.1417
val_acc_max:  0.9598
genotype [30, 49, 43]
Initializing network...
val_loss_min:  0.1343
val_acc_max:  0.9607
population saved
population [[6, 37, 6], [6, 37, 6], [6, 37, 6], [6, 37, 6], [6, 37, 6], [6, 37, 6], [6, 37, 6], [6, 37, 6], [11, 48, 10], [15, 37, 6], [19, 37, 6], [19, 37, 6], [19, 37, 6], [11, 48, 10], [19, 37, 6], [19, 37, 6], [19, 37, 6], [19, 37, 6], [19, 37, 6], [24, 48, 15], [24, 48, 15], [24, 48, 15], [11, 48, 43], [11, 48, 43], [11, 48, 43], [11, 48, 43], [11, 48, 43], [11, 48, 43], [19, 37, 6], [24, 48, 15]]
[0.1142, 0.1142, 0.1142, 0.1142, 0.1142, 0.1142, 0.1142, 0.1142, 0.1175, 0.1189, 0.1205, 0.1205, 0.1205, 0.1175, 0.1205, 0.1205, 0.1205, 0.1205, 0.1205, 0.1234, 0.1234, 0.1234, 0.1236, 0.1236, 0.1236, 0.1236, 0.1236, 0.1236, 0.1205, 0.1234]
min: 0.1142, max:0.1236, avg:0.11957333333333338
29 	6     	0.119573	0.00366796	0.1142	0.1236
genotype [6, 37, 13]
Initializing network...
val_loss_min:  0.1356
val_acc_max:  0.9616
genotype [6, 15, 23]
Initializing network...
val_loss_min:  0.1534
val_acc_max:  0.9576
genotype [6, 37, 25]
Initializing network...
val_loss_min:  0.1315
val_acc_max:  0.9634
genotype [30, 8, 10]
Initializing network...
val_loss_min:  0.1708
val_acc_max:  0.9503
genotype [15, 1, 15]
Initializing network...
val_loss_min:  1.2392
val_acc_max:  0.5558
genotype [24, 4, 15]
Initializing network...
val_loss_min:  0.307
val_acc_max:  0.9116
genotype [24, 48, 5]
Initializing network...
val_loss_min:  0.1221
val_acc_max:  0.9628
genotype [5, 48, 15]
Initializing network...
val_loss_min:  0.1277
val_acc_max:  0.9628
genotype [14, 48, 43]
Initializing network...
val_loss_min:  0.133
val_acc_max:  0.961
genotype [30, 18, 43]
Initializing network...
val_loss_min:  0.1382
val_acc_max:  0.9576
population saved
population [[6, 37, 6], [6, 37, 6], [6, 37, 6], [6, 37, 6], [6, 37, 6], [6, 37, 6], [6, 37, 6], [6, 37, 6], [11, 48, 10], [15, 37, 6], [19, 37, 6], [19, 37, 6], [19, 37, 6], [11, 48, 10], [19, 37, 6], [19, 37, 6], [19, 37, 6], [19, 37, 6], [19, 37, 6], [19, 37, 6], [24, 48, 15], [24, 48, 5], [11, 48, 43], [11, 48, 43], [11, 48, 43], [11, 48, 43], [11, 48, 43], [11, 48, 43], [19, 37, 6], [24, 48, 15]]
[0.1142, 0.1142, 0.1142, 0.1142, 0.1142, 0.1142, 0.1142, 0.1142, 0.1175, 0.1189, 0.1205, 0.1205, 0.1205, 0.1175, 0.1205, 0.1205, 0.1205, 0.1205, 0.1205, 0.1205, 0.1234, 0.1221, 0.1236, 0.1236, 0.1236, 0.1236, 0.1236, 0.1236, 0.1205, 0.1234]
min: 0.1142, max:0.1236, avg:0.11943333333333336
30 	10    	0.119433	0.00356364	0.1142	0.1236
pickle dump
log saved
Best individual:
[6, 37, 6]
Best individual is saved
EA time:  15730.027997732162
Evaluate the best individual
Initializing network...
val_loss_min:  0.4442
val_acc_max:  0.8446
output_classes [0 7 2 ... 0 7 6]
y_true_test [0 8 8 ... 0 7 6]
output_classes.shape (1221,)
y_true_test.shape (1221,)
accuracy of data_hp_1:  0.6838656838656839
Initializing network...
val_loss_min:  0.6769
val_acc_max:  0.7755
output_classes [2 0 1 ... 0 7 6]
y_true_test [2 6 1 ... 0 7 6]
output_classes.shape (1220,)
y_true_test.shape (1220,)
accuracy of data_hp_2:  0.5647540983606557
Initializing network...
val_loss_min:  0.6638
val_acc_max:  0.7856
output_classes [9 1 4 ... 0 8 6]
y_true_test [9 1 0 ... 0 7 6]
output_classes.shape (1224,)
y_true_test.shape (1224,)
accuracy of data_hp_3:  0.6691176470588235
accuracies:  [0.6838656838656839, 0.5647540983606557, 0.6691176470588235]
avg accuracy:  0.6392458097617211
